Build started 3/3/2015 1:19:20 PM.
     1>Project "D:\VisualStudio2013\Projects\TheList\TheList\TheList.vcxproj" on node 2 (Build target(s)).
     1>ClCompile:
         C:\Program Files (x86)\Microsoft Visual Studio 12.0\VC\bin\CL.exe /c /ZI /nologo /W3 /WX- /sdl /Od /Oy- /D WIN32 /D _DEBUG /D _CONSOLE /D _LIB /D _UNICODE /D UNICODE /Gm /EHsc /RTC1 /MDd /GS /fp:precise /Zc:wchar_t /Zc:forScope /Yu"stdafx.h" /Fp"Debug\TheList.pch" /Fo"Debug\\" /Fd"Debug\vc120.pdb" /Gd /TP /analyze- /errorReport:prompt Child.cpp List342.cpp TheList.cpp
         Child.cpp
         Generating Code...
         Compiling...
         TheList.cpp
         Generating Code...
         Skipping... (no relevant changes detected)
         List342.cpp
       Link:
         C:\Program Files (x86)\Microsoft Visual Studio 12.0\VC\bin\link.exe /ERRORREPORT:PROMPT /OUT:"D:\VisualStudio2013\Projects\TheList\Debug\TheList.exe" /INCREMENTAL /NOLOGO kernel32.lib user32.lib gdi32.lib winspool.lib comdlg32.lib advapi32.lib shell32.lib ole32.lib oleaut32.lib uuid.lib odbc32.lib odbccp32.lib /MANIFEST /MANIFESTUAC:"level='asInvoker' uiAccess='false'" /manifest:embed /DEBUG /PDB:"D:\VisualStudio2013\Projects\TheList\Debug\TheList.pdb" /SUBSYSTEM:CONSOLE /TLBID:1 /DYNAMICBASE /NXCOMPAT /IMPLIB:"D:\VisualStudio2013\Projects\TheList\Debug\TheList.lib" /MACHINE:X86 Debug\Bird.obj
         Debug\Child.obj
         Debug\List342.obj
         Debug\stdafx.obj
         Debug\TheList.obj
         TheList.vcxproj -> D:\VisualStudio2013\Projects\TheList\Debug\TheList.exe
     1>Done Building Project "D:\VisualStudio2013\Projects\TheList\TheList\TheList.vcxproj" (Build target(s)).

Build succeeded.

Time Elapsed 00:00:01.82
